0 info it worked if it ends with ok
1 verbose cli [ 'D:\\pgs\\nodejs\\node.exe',
1 verbose cli   'D:\\pgs\\nodejs\\node_modules\\npm\\bin\\npm-cli.js',
1 verbose cli   'start' ]
2 info using npm@3.10.8
3 info using node@v6.6.0
4 verbose run-script [ 'prestart', 'start', 'poststart' ]
5 info lifecycle 111@1.0.0~prestart: 111@1.0.0
6 silly lifecycle 111@1.0.0~prestart: no script for prestart, continuing
7 info lifecycle 111@1.0.0~start: 111@1.0.0
8 verbose lifecycle 111@1.0.0~start: unsafe-perm in lifecycle true
9 verbose lifecycle 111@1.0.0~start: PATH: D:\pgs\nodejs\node_modules\npm\bin\node-gyp-bin;D:\prjs\_own\design_toolkit\node_modules\.bin;C:\Program Files (x86)\JetBrains\WebStorm 11.0.1\bin\;D:\app\novikov_eo\product\12.1.0\dbhome_1\bin;C:\oraclexe\app\oracle\product\11.2.0\server\bin;C:\ProgramData\Oracle\Java\javapath;c:\Program Files\Voltage Security\Voltage SecureFile\;c:\Program Files (x86)\Voltage Security\Voltage SecureFile\;C:\Program Files (x86)\Nice Systems\NICE Player Codec Pack\;c:\Program Files (x86)\Intel\iCLS Client\;c:\Program Files\Intel\iCLS Client\;C:\Windows\system32;C:\Windows;C:\Windows\System32\Wbem;C:\Windows\System32\WindowsPowerShell\v1.0\;C:\Program Files\Intel\Intel(R) Management Engine Components\DAL;C:\Program Files\Intel\Intel(R) Management Engine Components\IPT;C:\Program Files (x86)\Intel\Intel(R) Management Engine Components\DAL;C:\Program Files (x86)\Intel\Intel(R) Management Engine Components\IPT;C:\Program Files (x86)\Windows Kits\8.1\Windows Performance Toolkit\;C:\Program Files\Microsoft SQL Server\110\Tools\Binn\;C:\Program Files\TortoiseSVN\bin;C:\Program Files\doxygen\bin;C:\Program Files (x86)\Microsoft SDKs\TypeScript\1.0\;c:\Program Files (x86)\Voltage Security\Voltage SecureMail\;c:\Program Files (x86)\Common Files\Voltage Security\;c:\Program Files\Voltage Security\Voltage SecureMail\;c:\Program Files\Common Files\Voltage Security\;D:\pgs\android-sdk\tools;D:\pgs\android-sdk\platform-tools;C:\Program Files\Microsoft SQL Server\120\Tools\Binn\;C:\Program Files\Microsoft SQL Server\130\Tools\Binn\;D:\pgs\win_10_sdk\Windows Performance Toolkit\;D:\pgs\;D:\pgs\nodejs\;C:\Program Files\Git\cmd;C:\Users\novikov_eo\AppData\Roaming\npm;C:\Program Files (x86)\Git\cmd;C:\Program Files (x86)\GitExtensions\;C:\Users\novikov_eo\.dnx\runtimes\dnx-clr-win-x86.1.0.0-rc1-update2\bin;C:\Users\novikov_eo\.dnx\bin;C:\Users\novikov_eo\AppData\Roaming\npm
10 verbose lifecycle 111@1.0.0~start: CWD: D:\prjs\_own\design_toolkit
11 silly lifecycle 111@1.0.0~start: Args: [ '/d /s /c', 'webpack-dev-server --hot --inline' ]
12 verbose stack Error: kill ENOSYS
12 verbose stack     at exports._errnoException (util.js:1036:11)
12 verbose stack     at process.kill (internal/process.js:172:13)
12 verbose stack     at process.listener (D:\pgs\nodejs\node_modules\npm\node_modules\npmlog\node_modules\gauge\node_modules\signal-exit\index.js:86:15)
12 verbose stack     at emitNone (events.js:91:20)
12 verbose stack     at process.emit (events.js:185:7)
12 verbose stack     at processEmit (D:\pgs\nodejs\node_modules\npm\node_modules\npmlog\node_modules\gauge\node_modules\signal-exit\index.js:146:32)
12 verbose stack     at processEmit (D:\pgs\nodejs\node_modules\npm\node_modules\npm-registry-client\node_modules\npmlog\node_modules\gauge\node_modules\signal-exit\index.js:146:32)
12 verbose stack     at Signal.wrap.onsignal (internal/process.js:199:44)
13 verbose cwd D:\prjs\_own\design_toolkit
14 error Windows_NT 6.1.7601
15 error argv "D:\\pgs\\nodejs\\node.exe" "D:\\pgs\\nodejs\\node_modules\\npm\\bin\\npm-cli.js" "start"
16 error node v6.6.0
17 error npm  v3.10.8
18 error code ENOSYS
19 error errno ENOSYS
20 error syscall kill
21 error kill ENOSYS
22 error If you need help, you may report this error at:
22 error     <https://github.com/npm/npm/issues>
23 verbose exit [ 1, true ]
