0 info it worked if it ends with ok
1 verbose cli [ 'D:\\pgs\\nodejs\\node.exe',
1 verbose cli   'D:\\pgs\\nodejs\\node_modules\\npm\\bin\\npm-cli.js',
1 verbose cli   'start' ]
2 info using npm@3.10.8
3 info using node@v6.6.0
4 verbose run-script [ 'prestart', 'start', 'poststart' ]
5 info lifecycle 111@1.0.0~prestart: 111@1.0.0
6 silly lifecycle 111@1.0.0~prestart: no script for prestart, continuing
7 info lifecycle 111@1.0.0~start: 111@1.0.0
8 verbose lifecycle 111@1.0.0~start: unsafe-perm in lifecycle true
9 verbose lifecycle 111@1.0.0~start: PATH: D:\pgs\nodejs\node_modules\npm\bin\node-gyp-bin;D:\prjs\_own\design_toolkit\ui\node_modules\.bin;C:\Program Files (x86)\JetBrains\WebStorm 11.0.1\bin\;D:\app\novikov_eo\product\12.1.0\dbhome_1\bin;C:\oraclexe\app\oracle\product\11.2.0\server\bin;C:\ProgramData\Oracle\Java\javapath;c:\Program Files\Voltage Security\Voltage SecureFile\;c:\Program Files (x86)\Voltage Security\Voltage SecureFile\;C:\Program Files (x86)\Nice Systems\NICE Player Codec Pack\;c:\Program Files (x86)\Intel\iCLS Client\;c:\Program Files\Intel\iCLS Client\;C:\Windows\system32;C:\Windows;C:\Windows\System32\Wbem;C:\Windows\System32\WindowsPowerShell\v1.0\;C:\Program Files\Intel\Intel(R) Management Engine Components\DAL;C:\Program Files\Intel\Intel(R) Management Engine Components\IPT;C:\Program Files (x86)\Intel\Intel(R) Management Engine Components\DAL;C:\Program Files (x86)\Intel\Intel(R) Management Engine Components\IPT;C:\Program Files (x86)\Windows Kits\8.1\Windows Performance Toolkit\;C:\Program Files\Microsoft SQL Server\110\Tools\Binn\;C:\Program Files\TortoiseSVN\bin;C:\Program Files\doxygen\bin;C:\Program Files (x86)\Microsoft SDKs\TypeScript\1.0\;c:\Program Files (x86)\Voltage Security\Voltage SecureMail\;c:\Program Files (x86)\Common Files\Voltage Security\;c:\Program Files\Voltage Security\Voltage SecureMail\;c:\Program Files\Common Files\Voltage Security\;D:\pgs\android-sdk\tools;D:\pgs\android-sdk\platform-tools;C:\Program Files\Microsoft SQL Server\120\Tools\Binn\;C:\Program Files\Microsoft SQL Server\130\Tools\Binn\;D:\pgs\win_10_sdk\Windows Performance Toolkit\;D:\pgs\;D:\pgs\nodejs\;C:\Program Files\Git\cmd;C:\Users\novikov_eo\AppData\Roaming\npm;C:\Program Files (x86)\Git\cmd;C:\Program Files (x86)\GitExtensions\;C:\Users\novikov_eo\.dnx\runtimes\dnx-clr-win-x86.1.0.0-rc1-update2\bin;C:\Users\novikov_eo\.dnx\bin;C:\Users\novikov_eo\AppData\Roaming\npm
10 verbose lifecycle 111@1.0.0~start: CWD: D:\prjs\_own\design_toolkit\ui
11 silly lifecycle 111@1.0.0~start: Args: [ '/d /s /c', 'webpack-dev-server --hot --inline' ]
12 silly lifecycle 111@1.0.0~start: Returned: code: 3221225786  signal: null
13 info lifecycle 111@1.0.0~start: Failed to exec start script
14 verbose stack Error: 111@1.0.0 start: `webpack-dev-server --hot --inline`
14 verbose stack Exit status 3221225786
14 verbose stack     at EventEmitter.<anonymous> (D:\pgs\nodejs\node_modules\npm\lib\utils\lifecycle.js:255:16)
14 verbose stack     at emitTwo (events.js:106:13)
14 verbose stack     at EventEmitter.emit (events.js:191:7)
14 verbose stack     at ChildProcess.<anonymous> (D:\pgs\nodejs\node_modules\npm\lib\utils\spawn.js:40:14)
14 verbose stack     at emitTwo (events.js:106:13)
14 verbose stack     at ChildProcess.emit (events.js:191:7)
14 verbose stack     at maybeClose (internal/child_process.js:877:16)
14 verbose stack     at Process.ChildProcess._handle.onexit (internal/child_process.js:226:5)
15 verbose pkgid 111@1.0.0
16 verbose cwd D:\prjs\_own\design_toolkit\ui
17 error Windows_NT 6.1.7601
18 error argv "D:\\pgs\\nodejs\\node.exe" "D:\\pgs\\nodejs\\node_modules\\npm\\bin\\npm-cli.js" "start"
19 error node v6.6.0
20 error npm  v3.10.8
21 error code ELIFECYCLE
22 error 111@1.0.0 start: `webpack-dev-server --hot --inline`
22 error Exit status 3221225786
23 error Failed at the 111@1.0.0 start script 'webpack-dev-server --hot --inline'.
23 error Make sure you have the latest version of node.js and npm installed.
23 error If you do, this is most likely a problem with the 111 package,
23 error not with npm itself.
23 error Tell the author that this fails on your system:
23 error     webpack-dev-server --hot --inline
23 error You can get information on how to open an issue for this project with:
23 error     npm bugs 111
23 error Or if that isn't available, you can get their info via:
23 error     npm owner ls 111
23 error There is likely additional logging output above.
24 verbose exit [ 1, true ]
